  [1m[36m (14.0ms)[0m  [1mCREATE TABLE "schema_migrations" ("version" varchar(255) NOT NULL) [0m
  [1m[35m (0.1ms)[0m  select sqlite_version(*)
  [1m[36m (8.8ms)[0m  [1mCREATE UNIQUE INDEX "unique_schema_migrations" ON "schema_migrations" ("version")[0m
  [1m[35mActiveRecord::SchemaMigration Load (0.1ms)[0m  SELECT "schema_migrations".* FROM "schema_migrations"
Migrating to CreateArticles (20141202213901)
  [1m[36m (0.1ms)[0m  [1mbegin transaction[0m
  [1m[35m (0.5ms)[0m  CREATE TABLE "articles" ("id" INTEGER PRIMARY KEY AUTOINCREMENT NOT NULL, "title" varchar(255), "text" text, "created_at" datetime, "updated_at" datetime) 
  [1m[36mSQL (0.2ms)[0m  [1mINSERT INTO "schema_migrations" ("version") VALUES (?)[0m  [["version", "20141202213901"]]
  [1m[35m (10.6ms)[0m  commit transaction
Migrating to CreateComments (20141203020035)
  [1m[36m (0.1ms)[0m  [1mbegin transaction[0m
  [1m[35m (0.7ms)[0m  CREATE TABLE "comments" ("id" INTEGER PRIMARY KEY AUTOINCREMENT NOT NULL, "commenter" varchar(255), "body" text, "article_id" integer, "created_at" datetime, "updated_at" datetime) 
  [1m[36m (0.2ms)[0m  [1mCREATE  INDEX "index_comments_on_article_id" ON "comments" ("article_id")[0m
  [1m[35mSQL (0.2ms)[0m  INSERT INTO "schema_migrations" ("version") VALUES (?)  [["version", "20141203020035"]]
  [1m[36m (7.8ms)[0m  [1mcommit transaction[0m
  [1m[35mActiveRecord::SchemaMigration Load (0.2ms)[0m  SELECT "schema_migrations".* FROM "schema_migrations"
  [1m[36m (0.2ms)[0m  [1m            SELECT sql
            FROM sqlite_master
            WHERE name='index_comments_on_article_id' AND type='index'
            UNION ALL
            SELECT sql
            FROM sqlite_temp_master
            WHERE name='index_comments_on_article_id' AND type='index'
[0m


Started GET "/" for 108.227.102.183 at 2015-08-15 20:26:14 +0000
  [1m[36mActiveRecord::SchemaMigration Load (0.2ms)[0m  [1mSELECT "schema_migrations".* FROM "schema_migrations"[0m
Processing by WelcomeController#index as HTML
  Rendered welcome/index.html.erb within layouts/application (3.5ms)
Completed 200 OK in 1135ms (Views: 1119.8ms | ActiveRecord: 0.0ms)


Started GET "/assets/welcome.css?body=1" for 108.227.102.183 at 2015-08-15 20:26:16 +0000


Started GET "/assets/comments.css?body=1" for 108.227.102.183 at 2015-08-15 20:26:16 +0000


Started GET "/assets/application.css?body=1" for 108.227.102.183 at 2015-08-15 20:26:16 +0000


Started GET "/assets/jquery_ujs.js?body=1" for 108.227.102.183 at 2015-08-15 20:26:16 +0000


Started GET "/assets/articles.css?body=1" for 108.227.102.183 at 2015-08-15 20:26:16 +0000


Started GET "/assets/turbolinks.js?body=1" for 108.227.102.183 at 2015-08-15 20:26:16 +0000


Started GET "/assets/articles.js?body=1" for 108.227.102.183 at 2015-08-15 20:26:16 +0000


Started GET "/assets/comments.js?body=1" for 108.227.102.183 at 2015-08-15 20:26:16 +0000


Started GET "/assets/welcome.js?body=1" for 108.227.102.183 at 2015-08-15 20:26:16 +0000


Started GET "/assets/application.js?body=1" for 108.227.102.183 at 2015-08-15 20:26:16 +0000


Started GET "/assets/jquery.js?body=1" for 108.227.102.183 at 2015-08-15 20:26:16 +0000


Started GET "/articles" for 108.227.102.183 at 2015-08-15 20:26:19 +0000
Processing by ArticlesController#index as HTML
  [1m[35mArticle Load (0.2ms)[0m  SELECT "articles".* FROM "articles"
  Rendered articles/index.html.erb within layouts/application (1.6ms)
Completed 200 OK in 76ms (Views: 68.0ms | ActiveRecord: 0.2ms)


Started GET "/articles/new" for 108.227.102.183 at 2015-08-15 20:26:20 +0000
Processing by ArticlesController#new as HTML
  Rendered articles/_form.html.erb (29.1ms)
  Rendered articles/new.html.erb within layouts/application (34.4ms)
Completed 200 OK in 103ms (Views: 100.7ms | ActiveRecord: 0.7ms)


Started POST "/articles" for 108.227.102.183 at 2015-08-15 20:26:37 +0000
Processing by ArticlesController#create as HTML
  Parameters: {"utf8"=>"✓", "authenticity_token"=>"x+CCkvuv6ZLVfuWyPCmaKW2XvXzs/pRRZrvzVji62lU=", "article"=>{"title"=>"This is a Title", "text"=>"This is Text for the Title"}, "commit"=>"Create Article"}
  [1m[36m (0.1ms)[0m  [1mbegin transaction[0m
  [1m[35mSQL (0.5ms)[0m  INSERT INTO "articles" ("created_at", "text", "title", "updated_at") VALUES (?, ?, ?, ?)  [["created_at", "2015-08-15 20:26:37.536535"], ["text", "This is Text for the Title"], ["title", "This is a Title"], ["updated_at", "2015-08-15 20:26:37.536535"]]
  [1m[36m (22.4ms)[0m  [1mcommit transaction[0m
Redirected to https://recipemanager-jasonou.c9.io/articles/1
Completed 302 Found in 36ms (ActiveRecord: 22.9ms)


Started GET "/articles/1" for 108.227.102.183 at 2015-08-15 20:26:37 +0000
Processing by ArticlesController#show as HTML
  Parameters: {"id"=>"1"}
  [1m[35mArticle Load (0.3ms)[0m  SELECT  "articles".* FROM "articles"  WHERE "articles"."id" = ? LIMIT 1  [["id", 1]]
  [1m[36mComment Load (0.3ms)[0m  [1mSELECT "comments".* FROM "comments"  WHERE "comments"."article_id" = ?[0m  [["article_id", 1]]
  Rendered collection (0.0ms)
  Rendered comments/_form.html.erb (14.7ms)
  Rendered articles/show.html.erb within layouts/application (40.5ms)
Completed 200 OK in 95ms (Views: 91.6ms | ActiveRecord: 1.1ms)


Started GET "/assets/comments.css?body=1" for 108.227.102.183 at 2015-08-15 20:26:37 +0000


Started GET "/assets/articles.css?body=1" for 108.227.102.183 at 2015-08-15 20:26:37 +0000


Started GET "/assets/welcome.css?body=1" for 108.227.102.183 at 2015-08-15 20:26:38 +0000


Started GET "/assets/jquery.js?body=1" for 108.227.102.183 at 2015-08-15 20:26:38 +0000


Started GET "/assets/application.css?body=1" for 108.227.102.183 at 2015-08-15 20:26:38 +0000


Started GET "/assets/jquery_ujs.js?body=1" for 108.227.102.183 at 2015-08-15 20:26:38 +0000


Started GET "/assets/turbolinks.js?body=1" for 108.227.102.183 at 2015-08-15 20:26:38 +0000


Started GET "/assets/articles.js?body=1" for 108.227.102.183 at 2015-08-15 20:26:38 +0000


Started GET "/assets/comments.js?body=1" for 108.227.102.183 at 2015-08-15 20:26:38 +0000


Started GET "/assets/welcome.js?body=1" for 108.227.102.183 at 2015-08-15 20:26:38 +0000


Started GET "/assets/application.js?body=1" for 108.227.102.183 at 2015-08-15 20:26:38 +0000


Started POST "/articles/1/comments" for 108.227.102.183 at 2015-08-15 20:26:49 +0000
Processing by CommentsController#create as HTML
  Parameters: {"utf8"=>"✓", "authenticity_token"=>"x+CCkvuv6ZLVfuWyPCmaKW2XvXzs/pRRZrvzVji62lU=", "comment"=>{"commenter"=>"This is a Commenter", "body"=>"This is a Comment from the Commenter"}, "commit"=>"Create Comment", "article_id"=>"1"}
  [1m[35mArticle Load (0.3ms)[0m  SELECT  "articles".* FROM "articles"  WHERE "articles"."id" = ? LIMIT 1  [["id", 1]]
  [1m[36m (0.1ms)[0m  [1mbegin transaction[0m
  [1m[35mSQL (0.5ms)[0m  INSERT INTO "comments" ("article_id", "body", "commenter", "created_at", "updated_at") VALUES (?, ?, ?, ?, ?)  [["article_id", 1], ["body", "This is a Comment from the Commenter"], ["commenter", "This is a Commenter"], ["created_at", "2015-08-15 20:26:49.376691"], ["updated_at", "2015-08-15 20:26:49.376691"]]
  [1m[36m (11.9ms)[0m  [1mcommit transaction[0m
Redirected to https://recipemanager-jasonou.c9.io/articles/1
Completed 302 Found in 20ms (ActiveRecord: 12.8ms)


Started GET "/articles/1" for 108.227.102.183 at 2015-08-15 20:26:49 +0000
Processing by ArticlesController#show as HTML
  Parameters: {"id"=>"1"}
  [1m[35mArticle Load (0.3ms)[0m  SELECT  "articles".* FROM "articles"  WHERE "articles"."id" = ? LIMIT 1  [["id", 1]]
  [1m[36mComment Load (0.2ms)[0m  [1mSELECT "comments".* FROM "comments"  WHERE "comments"."article_id" = ?[0m  [["article_id", 1]]
  Rendered comments/_comment.html.erb (1.1ms)
  Rendered comments/_form.html.erb (3.3ms)
  Rendered articles/show.html.erb within layouts/application (9.3ms)
Completed 200 OK in 94ms (Views: 91.6ms | ActiveRecord: 0.4ms)


Started GET "/assets/articles.css?body=1" for 108.227.102.183 at 2015-08-15 20:26:49 +0000


Started GET "/assets/comments.css?body=1" for 108.227.102.183 at 2015-08-15 20:26:49 +0000


Started GET "/assets/application.css?body=1" for 108.227.102.183 at 2015-08-15 20:26:49 +0000


Started GET "/assets/welcome.css?body=1" for 108.227.102.183 at 2015-08-15 20:26:49 +0000


Started GET "/assets/jquery.js?body=1" for 108.227.102.183 at 2015-08-15 20:26:49 +0000


Started GET "/assets/jquery_ujs.js?body=1" for 108.227.102.183 at 2015-08-15 20:26:49 +0000


Started GET "/assets/turbolinks.js?body=1" for 108.227.102.183 at 2015-08-15 20:26:49 +0000


Started GET "/assets/articles.js?body=1" for 108.227.102.183 at 2015-08-15 20:26:49 +0000


Started GET "/assets/comments.js?body=1" for 108.227.102.183 at 2015-08-15 20:26:49 +0000


Started GET "/assets/welcome.js?body=1" for 108.227.102.183 at 2015-08-15 20:26:50 +0000


Started GET "/assets/application.js?body=1" for 108.227.102.183 at 2015-08-15 20:26:50 +0000


Started GET "/articles" for 108.227.102.183 at 2015-08-15 20:26:54 +0000
Processing by ArticlesController#index as HTML
  [1m[35mArticle Load (0.3ms)[0m  SELECT "articles".* FROM "articles"
  Rendered articles/index.html.erb within layouts/application (1.3ms)
Completed 200 OK in 72ms (Views: 71.1ms | ActiveRecord: 0.3ms)
  [1m[36mActiveRecord::SchemaMigration Load (0.2ms)[0m  [1mSELECT "schema_migrations".* FROM "schema_migrations"[0m
Migrating to CreateUsers (20150817213030)
  [1m[35m (0.1ms)[0m  begin transaction
  [1m[36m (2.1ms)[0m  [1mCREATE TABLE "users" ("id" INTEGER PRIMARY KEY AUTOINCREMENT NOT NULL, "username" varchar(255), "email" varchar(255), "created_at" datetime, "updated_at" datetime) [0m
  [1m[35mSQL (0.3ms)[0m  INSERT INTO "schema_migrations" ("version") VALUES (?)  [["version", "20150817213030"]]
  [1m[36m (10.7ms)[0m  [1mcommit transaction[0m
  [1m[35mActiveRecord::SchemaMigration Load (0.3ms)[0m  SELECT "schema_migrations".* FROM "schema_migrations"
  [1m[36m (0.3ms)[0m  [1m            SELECT sql
            FROM sqlite_master
            WHERE name='index_comments_on_article_id' AND type='index'
            UNION ALL
            SELECT sql
            FROM sqlite_temp_master
            WHERE name='index_comments_on_article_id' AND type='index'
[0m
  [1m[36mUser Load (3.3ms)[0m  [1mSELECT "users".* FROM "users"[0m
  [1m[35m (0.2ms)[0m  begin transaction
  [1m[36mSQL (1.1ms)[0m  [1mINSERT INTO "users" ("created_at", "updated_at") VALUES (?, ?)[0m  [["created_at", "2015-08-18 01:15:57.008293"], ["updated_at", "2015-08-18 01:15:57.008293"]]
  [1m[35m (7.5ms)[0m  commit transaction
  [1m[36m (0.1ms)[0m  [1mbegin transaction[0m
  [1m[35mSQL (0.6ms)[0m  INSERT INTO "users" ("created_at", "email", "updated_at", "username") VALUES (?, ?, ?, ?)  [["created_at", "2015-08-18 01:16:31.466837"], ["email", "bob@example.com"], ["updated_at", "2015-08-18 01:16:31.466837"], ["username", "bob"]]
  [1m[36m (11.7ms)[0m  [1mcommit transaction[0m
  [1m[35mUser Load (0.3ms)[0m  SELECT  "users".* FROM "users"   ORDER BY "users"."id" ASC LIMIT 1
  [1m[36mUser Load (0.3ms)[0m  [1mSELECT  "users".* FROM "users"   ORDER BY "users"."id" ASC LIMIT 1 OFFSET 1[0m
  [1m[35m (0.1ms)[0m  begin transaction
  [1m[36mSQL (0.4ms)[0m  [1mINSERT INTO "users" ("created_at", "email", "updated_at", "username") VALUES (?, ?, ?, ?)[0m  [["created_at", "2015-08-18 01:17:43.733991"], ["email", "john@example.com"], ["updated_at", "2015-08-18 01:17:43.733991"], ["username", "John"]]
  [1m[35m (10.5ms)[0m  commit transaction
  [1m[36m (0.1ms)[0m  [1mbegin transaction[0m
  [1m[35mSQL (0.3ms)[0m  INSERT INTO "users" ("created_at", "email", "updated_at", "username") VALUES (?, ?, ?, ?)  [["created_at", "2015-08-18 01:18:01.677729"], ["email", "joe@example.com"], ["updated_at", "2015-08-18 01:18:01.677729"], ["username", "Joe"]]
  [1m[36m (8.8ms)[0m  [1mcommit transaction[0m
  [1m[35mUser Load (0.3ms)[0m  SELECT "users".* FROM "users"
  [1m[36mUser Load (0.3ms)[0m  [1mSELECT  "users".* FROM "users"  WHERE "users"."email" = 'joe@example.com' LIMIT 1[0m
  [1m[35mUser Load (0.3ms)[0m  SELECT  "users".* FROM "users"   ORDER BY "users"."id" ASC LIMIT 1
  [1m[36mSQL (9.7ms)[0m  [1mDELETE FROM "users" WHERE "users"."id" = 1[0m
  [1m[35mUser Load (0.3ms)[0m  SELECT  "users".* FROM "users"   ORDER BY "users"."id" ASC LIMIT 1
  [1m[36mUser Load (0.3ms)[0m  [1mSELECT  "users".* FROM "users"   ORDER BY "users"."id" ASC LIMIT 1[0m
  [1m[35mArticle Load (0.3ms)[0m  SELECT "articles".* FROM "articles"  WHERE "articles"."user_id" = ?  [[nil, 2]]
SQLite3::SQLException: no such column: articles.user_id: SELECT "articles".* FROM "articles"  WHERE "articles"."user_id" = ?
  [1m[36mActiveRecord::SchemaMigration Load (0.2ms)[0m  [1mSELECT "schema_migrations".* FROM "schema_migrations"[0m
Migrating to AddUserIdToArticles (20150818023453)
  [1m[35m (0.1ms)[0m  begin transaction
  [1m[36m (0.5ms)[0m  [1mALTER TABLE "articles" ADD "user_id" integer[0m
  [1m[35mSQL (0.2ms)[0m  INSERT INTO "schema_migrations" ("version") VALUES (?)  [["version", "20150818023453"]]
  [1m[36m (9.9ms)[0m  [1mcommit transaction[0m
  [1m[35mActiveRecord::SchemaMigration Load (0.2ms)[0m  SELECT "schema_migrations".* FROM "schema_migrations"
  [1m[36m (0.3ms)[0m  [1m            SELECT sql
            FROM sqlite_master
            WHERE name='index_comments_on_article_id' AND type='index'
            UNION ALL
            SELECT sql
            FROM sqlite_temp_master
            WHERE name='index_comments_on_article_id' AND type='index'
[0m
  [1m[36mUser Load (3.7ms)[0m  [1mSELECT "users".* FROM "users"[0m
  [1m[35mArticle Load (0.4ms)[0m  SELECT "articles".* FROM "articles"
  [1m[36m (0.2ms)[0m  [1mbegin transaction[0m
  [1m[35mSQL (0.7ms)[0m  INSERT INTO "articles" ("created_at", "text", "title", "updated_at") VALUES (?, ?, ?, ?)  [["created_at", "2015-08-18 02:41:35.891433"], ["text", "This is a Test Article"], ["title", "Test Article"], ["updated_at", "2015-08-18 02:41:35.891433"]]
  [1m[36m (9.0ms)[0m  [1mcommit transaction[0m
  [1m[35mArticle Load (0.4ms)[0m  SELECT "articles".* FROM "articles"
  [1m[36mArticle Load (0.6ms)[0m  [1mSELECT  "articles".* FROM "articles"   ORDER BY "articles"."id" ASC LIMIT 1[0m
  [1m[35mArticle Load (0.3ms)[0m  SELECT "articles".* FROM "articles"
  [1m[36m (0.2ms)[0m  [1mbegin transaction[0m
  [1m[35mSQL (0.4ms)[0m  UPDATE "articles" SET "updated_at" = ?, "user_id" = ? WHERE "articles"."id" = 1  [["updated_at", "2015-08-18 02:44:07.535348"], ["user_id", 2]]
  [1m[36m (7.7ms)[0m  [1mcommit transaction[0m
  [1m[35mArticle Load (0.4ms)[0m  SELECT "articles".* FROM "articles"
  [1m[36mUser Load (0.3ms)[0m  [1mSELECT  "users".* FROM "users"   ORDER BY "users"."id" ASC LIMIT 1[0m
  [1m[35mArticle Load (0.3ms)[0m  SELECT "articles".* FROM "articles"  WHERE "articles"."user_id" = ?  [["user_id", 2]]
  [1m[36mUser Load (0.3ms)[0m  [1mSELECT  "users".* FROM "users"  WHERE "users"."id" = ? LIMIT 1[0m  [["id", 2]]
  [1m[35m (0.1ms)[0m  begin transaction
  [1m[36mSQL (0.3ms)[0m  [1mINSERT INTO "articles" ("created_at", "text", "title", "updated_at") VALUES (?, ?, ?, ?)[0m  [["created_at", "2015-08-18 02:49:22.966034"], ["text", "Test Article 2"], ["title", "Hello Rails"], ["updated_at", "2015-08-18 02:49:22.966034"]]
  [1m[35m (9.5ms)[0m  commit transaction
  [1m[36m (0.1ms)[0m  [1mbegin transaction[0m
  [1m[35mSQL (0.4ms)[0m  UPDATE "articles" SET "updated_at" = ?, "user_id" = ? WHERE "articles"."id" = 3  [["updated_at", "2015-08-18 02:50:24.408275"], ["user_id", 2]]
  [1m[36m (8.8ms)[0m  [1mcommit transaction[0m
